2026-04-11 20:29:06:296 info: ✅ Database connected successfully
2026-04-11 20:29:06:296 info: 🚀 Server running on port 5000 in development mode
2026-04-11 21:28:59:2859 info: ✅ Database connected successfully
2026-04-11 21:28:59:2859 info: 🚀 Server running on port 5000 in development mode
2026-04-11 23:05:45:545 info: ✅ Database connected successfully
2026-04-11 23:05:45:545 info: 🚀 Server running on port 5000 in development mode
2026-04-11 23:05:46:546 http: GET /api/categories 200 26 - 490.439 ms
2026-04-11 23:05:46:546 http: GET /api/products 200 86 - 818.234 ms
2026-04-11 23:05:48:548 http: GET /api/categories 304 - - 114.947 ms
2026-04-11 23:05:49:549 http: GET /api/products 304 - - 346.765 ms
2026-04-11 23:06:22:622 http: GET /api/categories 304 - - 352.176 ms
2026-04-11 23:06:23:623 http: GET /api/products 304 - - 568.174 ms
2026-04-11 23:07:35:735 http: GET /api/categories 304 - - 473.116 ms
2026-04-11 23:07:36:736 http: GET /api/products 304 - - 716.174 ms
2026-04-11 23:07:48:748 http: GET /api/categories 304 - - 348.077 ms
2026-04-11 23:07:48:748 http: GET /api/products 304 - - 598.069 ms
2026-04-11 23:08:44:844 http: GET /api/categories 200 26 - 626.592 ms
2026-04-11 23:08:44:844 http: GET /api/products?featured=true 200 86 - 887.354 ms
2026-04-11 23:08:44:844 http: GET /api/products 304 - - 720.315 ms
2026-04-11 23:08:44:844 http: GET /api/categories 304 - - 665.707 ms
2026-04-11 23:08:59:859 http: GET /api/categories 304 - - 377.363 ms
2026-04-11 23:08:59:859 http: GET /api/products 304 - - 676.315 ms
2026-04-11 23:09:04:94 http: GET /api/products?featured=true 200 86 - 150.842 ms
2026-04-11 23:09:04:94 http: GET /api/categories 304 - - 159.873 ms
2026-04-11 23:09:04:94 http: GET /api/categories 304 - - 156.888 ms
2026-04-11 23:09:05:95 http: GET /api/products?featured=true 304 - - 517.225 ms
2026-04-11 23:10:34:1034 http: GET /api/categories 304 - - 587.984 ms
2026-04-11 23:10:34:1034 http: GET /api/products?featured=true 304 - - 922.827 ms
2026-04-11 23:11:51:1151 http: GET /api/categories 304 - - 437.909 ms
2026-04-11 23:11:51:1151 http: GET /api/products?featured=true 304 - - 673.896 ms
2026-04-11 23:12:07:127 http: GET /api/categories 304 - - 348.097 ms
2026-04-11 23:12:07:127 http: GET /api/products?featured=true 304 - - 587.979 ms
2026-04-11 23:13:12:1312 http: GET /api/categories 304 - - 438.780 ms
2026-04-11 23:13:12:1312 http: GET /api/categories 304 - - 113.862 ms
2026-04-11 23:13:13:1313 http: GET /api/products?category=footwear 200 86 - 691.869 ms
2026-04-11 23:13:13:1313 http: GET /api/products?category=footwear 304 - - 117.603 ms
2026-04-11 23:13:17:1317 http: GET /api/categories 304 - - 114.528 ms
2026-04-11 23:13:17:1317 http: GET /api/products 200 86 - 124.287 ms
2026-04-11 23:13:17:1317 http: GET /api/categories 304 - - 115.031 ms
2026-04-11 23:13:17:1317 http: GET /api/products 304 - - 116.071 ms
2026-04-11 23:13:24:1324 http: GET /api/products 304 - - 118.131 ms
2026-04-11 23:13:24:1324 http: GET /api/categories 304 - - 115.054 ms
2026-04-11 23:13:24:1324 http: GET /api/products 304 - - 115.216 ms
2026-04-11 23:13:24:1324 http: GET /api/categories 304 - - 115.071 ms
2026-04-11 23:13:38:1338 http: GET /api/categories 200 26 - 357.796 ms
2026-04-11 23:13:38:1338 http: GET /api/categories 304 - - 115.530 ms
2026-04-11 23:13:38:1338 http: GET /api/products 200 86 - 590.490 ms
2026-04-11 23:13:38:1338 http: GET /api/products 304 - - 117.902 ms
2026-04-11 23:13:41:1341 http: GET /api/categories 304 - - 115.169 ms
2026-04-11 23:13:41:1341 http: GET /api/products?featured=true 200 86 - 116.623 ms
2026-04-11 23:13:41:1341 http: GET /api/categories 304 - - 119.662 ms
2026-04-11 23:13:41:1341 http: GET /api/products?featured=true 304 - - 117.407 ms
2026-04-11 23:13:47:1347 http: GET /api/categories 304 - - 115.944 ms
2026-04-11 23:13:47:1347 http: GET /api/categories 304 - - 114.019 ms
2026-04-11 23:13:47:1347 http: GET /api/products?featured=true 304 - - 354.270 ms
2026-04-11 23:13:48:1348 http: GET /api/products?featured=true 304 - - 115.459 ms
2026-04-11 23:17:15:1715 http: GET /api/categories 304 - - 515.621 ms
2026-04-11 23:17:15:1715 http: GET /api/products?featured=true 304 - - 868.399 ms
2026-04-11 23:17:28:1728 http: GET /api/categories 304 - - 370.218 ms
2026-04-11 23:17:29:1729 http: GET /api/categories 304 - - 118.551 ms
2026-04-11 23:17:29:1729 http: GET /api/products 304 - - 610.506 ms
2026-04-11 23:17:29:1729 http: GET /api/products 304 - - 116.603 ms
2026-04-11 23:18:43:1843 http: GET /api/categories 304 - - 439.745 ms
2026-04-11 23:18:43:1843 http: GET /api/products 304 - - 515.254 ms
2026-04-11 23:20:27:2027 http: GET /api/categories 304 - - 449.382 ms
2026-04-11 23:20:27:2027 http: GET /api/categories 304 - - 114.876 ms
2026-04-11 23:20:27:2027 http: GET /api/products?featured=true 304 - - 684.182 ms
2026-04-11 23:20:27:2027 http: GET /api/products?featured=true 304 - - 115.443 ms
2026-04-11 23:20:36:2036 http: GET /api/categories 304 - - 116.754 ms
2026-04-11 23:20:36:2036 http: GET /api/categories 304 - - 117.669 ms
2026-04-11 23:20:36:2036 http: GET /api/products 304 - - 115.921 ms
2026-04-11 23:20:36:2036 http: GET /api/products 304 - - 115.737 ms
2026-04-11 23:21:17:2117 http: GET /api/categories 304 - - 347.651 ms
2026-04-11 23:21:17:2117 http: GET /api/products 304 - - 354.037 ms
2026-04-11 23:21:33:2133 info: ✅ Database connected successfully
2026-04-11 23:21:33:2133 info: 🚀 Server running on port 5000 in development mode
2026-04-11 23:21:47:2147 http: GET /api/categories 304 - - 634.822 ms
2026-04-11 23:21:47:2147 http: GET /api/categories 304 - - 117.190 ms
2026-04-11 23:21:47:2147 http: GET /api/products 304 - - 623.457 ms
2026-04-11 23:21:47:2147 http: GET /api/products 304 - - 116.781 ms
2026-04-11 23:22:12:2212 info: ✅ Database connected successfully
2026-04-11 23:22:12:2212 info: 🚀 Server running on port 5000 in development mode
2026-04-11 23:24:19:2419 http: GET /api/categories 200 1855 - 549.016 ms
2026-04-11 23:24:19:2419 http: GET /api/products 200 14368 - 362.182 ms
